{"H:\\Desktop\\abc\\vitta-sync\\components\\ui\\Alert.jsx": {"path":"H:\\Desktop\\abc\\vitta-sync\\components\\ui\\Alert.jsx","statementMap":{"0":{"start":{"line":5,"column":4},"end":{"line":32,"column":null}}},"fnMap":{"0":{"name":"AlertUI","decl":{"start":{"line":4,"column":24},"end":{"line":4,"column":32}},"loc":{"start":{"line":4,"column":70},"end":{"line":32,"column":null}},"line":4}},"branchMap":{"0":{"loc":{"start":{"line":4,"column":34},"end":{"line":4,"column":49}},"type":"default-arg","locations":[{"start":{"line":4,"column":41},"end":{"line":4,"column":49}}],"line":4}},"s":{"0":3},"f":{"0":3},"b":{"0":[3]},"meta":{"lastBranch":1,"lastFunction":1,"lastStatement":1,"seen":{"f:4:24:4:32":0,"b:4:41:4:49":0,"s:5:4:32:Infinity":0},"fnNames":{}}}
,"H:\\Desktop\\abc\\vitta-sync\\components\\ui\\Button.jsx": {"path":"H:\\Desktop\\abc\\vitta-sync\\components\\ui\\Button.jsx","statementMap":{"0":{"start":{"line":9,"column":4},"end":{"line":53,"column":null}}},"fnMap":{"0":{"name":"ButtonUI","decl":{"start":{"line":3,"column":24},"end":{"line":3,"column":33}},"loc":{"start":{"line":8,"column":3},"end":{"line":53,"column":null}},"line":8}},"branchMap":{},"s":{"0":8},"f":{"0":8},"b":{},"meta":{"lastBranch":0,"lastFunction":1,"lastStatement":1,"seen":{"f:3:24:3:33":0,"s:9:4:53:Infinity":0},"fnNames":{}}}
,"H:\\Desktop\\abc\\vitta-sync\\components\\ui\\Checkbox.jsx": {"path":"H:\\Desktop\\abc\\vitta-sync\\components\\ui\\Checkbox.jsx","statementMap":{"0":{"start":{"line":9,"column":4},"end":{"line":19,"column":null}},"1":{"start":{"line":14,"column":37},"end":{"line":14,"column":63}}},"fnMap":{"0":{"name":"CheckboxUI","decl":{"start":{"line":3,"column":24},"end":{"line":3,"column":35}},"loc":{"start":{"line":8,"column":3},"end":{"line":19,"column":null}},"line":8},"1":{"name":"(anonymous_1)","decl":{"start":{"line":14,"column":20},"end":{"line":14,"column":31}},"loc":{"start":{"line":14,"column":37},"end":{"line":14,"column":63}},"line":14}},"branchMap":{"0":{"loc":{"start":{"line":5,"column":4},"end":{"line":5,"column":null}},"type":"default-arg","locations":[{"start":{"line":5,"column":14},"end":{"line":5,"column":null}}],"line":5}},"s":{"0":4,"1":2},"f":{"0":4,"1":2},"b":{"0":[4]},"meta":{"lastBranch":1,"lastFunction":2,"lastStatement":2,"seen":{"f:3:24:3:35":0,"b:5:14:5:Infinity":0,"s:9:4:19:Infinity":0,"f:14:20:14:31":1,"s:14:37:14:63":1},"fnNames":{}}}
,"H:\\Desktop\\abc\\vitta-sync\\components\\ui\\DatePicker.jsx": {"path":"H:\\Desktop\\abc\\vitta-sync\\components\\ui\\DatePicker.jsx","statementMap":{"0":{"start":{"line":16,"column":4},"end":{"line":90,"column":null}},"1":{"start":{"line":23,"column":20},"end":{"line":23,"column":null}}},"fnMap":{"0":{"name":"DatePickerUI","decl":{"start":{"line":7,"column":24},"end":{"line":7,"column":37}},"loc":{"start":{"line":15,"column":3},"end":{"line":90,"column":null}},"line":15},"1":{"name":"(anonymous_1)","decl":{"start":{"line":22,"column":16},"end":{"line":22,"column":27}},"loc":{"start":{"line":22,"column":40},"end":{"line":23,"column":null}},"line":22}},"branchMap":{"0":{"loc":{"start":{"line":13,"column":4},"end":{"line":13,"column":null}},"type":"default-arg","locations":[{"start":{"line":13,"column":13},"end":{"line":13,"column":null}}],"line":13},"1":{"loc":{"start":{"line":20,"column":23},"end":{"line":20,"column":null}},"type":"cond-expr","locations":[{"start":{"line":20,"column":54},"end":{"line":20,"column":69}},{"start":{"line":20,"column":72},"end":{"line":20,"column":null}}],"line":20},"2":{"loc":{"start":{"line":20,"column":23},"end":{"line":20,"column":54}},"type":"binary-expr","locations":[{"start":{"line":20,"column":23},"end":{"line":20,"column":32}},{"start":{"line":20,"column":23},"end":{"line":20,"column":54}}],"line":20},"3":{"loc":{"start":{"line":21,"column":25},"end":{"line":21,"column":45}},"type":"binary-expr","locations":[{"start":{"line":21,"column":25},"end":{"line":21,"column":38}},{"start":{"line":21,"column":25},"end":{"line":21,"column":45}}],"line":21},"4":{"loc":{"start":{"line":23,"column":29},"end":{"line":23,"column":77}},"type":"cond-expr","locations":[{"start":{"line":23,"column":40},"end":{"line":23,"column":69}},{"start":{"line":23,"column":72},"end":{"line":23,"column":77}}],"line":23}},"s":{"0":0,"1":0},"f":{"0":0,"1":0},"b":{"0":[0],"1":[0,0],"2":[0,0],"3":[0,0],"4":[0,0]},"meta":{"lastBranch":5,"lastFunction":2,"lastStatement":2,"seen":{"f:7:24:7:37":0,"b:13:13:13:Infinity":0,"s:16:4:90:Infinity":0,"b:20:54:20:69:20:72:20:Infinity":1,"b:20:23:20:32:20:23:20:54":2,"b:21:25:21:38:21:25:21:45":3,"f:22:16:22:27":1,"s:23:20:23:Infinity":1,"b:23:40:23:69:23:72:23:77":4},"fnNames":{}}}
,"H:\\Desktop\\abc\\vitta-sync\\components\\ui\\Dialog.jsx": {"path":"H:\\Desktop\\abc\\vitta-sync\\components\\ui\\Dialog.jsx","statementMap":{"0":{"start":{"line":21,"column":4},"end":{"line":42,"column":null}}},"fnMap":{"0":{"name":"DialogUI","decl":{"start":{"line":10,"column":24},"end":{"line":10,"column":33}},"loc":{"start":{"line":20,"column":3},"end":{"line":42,"column":null}},"line":20}},"branchMap":{"0":{"loc":{"start":{"line":13,"column":4},"end":{"line":13,"column":null}},"type":"default-arg","locations":[{"start":{"line":13,"column":20},"end":{"line":13,"column":null}}],"line":13},"1":{"loc":{"start":{"line":17,"column":4},"end":{"line":17,"column":null}},"type":"default-arg","locations":[{"start":{"line":17,"column":22},"end":{"line":17,"column":null}}],"line":17},"2":{"loc":{"start":{"line":18,"column":4},"end":{"line":18,"column":null}},"type":"default-arg","locations":[{"start":{"line":18,"column":18},"end":{"line":18,"column":null}}],"line":18},"3":{"loc":{"start":{"line":19,"column":4},"end":{"line":19,"column":null}},"type":"default-arg","locations":[{"start":{"line":19,"column":17},"end":{"line":19,"column":null}}],"line":19},"4":{"loc":{"start":{"line":24,"column":21},"end":{"line":24,"column":null}},"type":"cond-expr","locations":[{"start":{"line":24,"column":37},"end":{"line":24,"column":49}},{"start":{"line":24,"column":49},"end":{"line":24,"column":null}}],"line":24},"5":{"loc":{"start":{"line":26,"column":13},"end":{"line":26,"column":null}},"type":"binary-expr","locations":[{"start":{"line":26,"column":13},"end":{"line":26,"column":22}},{"start":{"line":26,"column":22},"end":{"line":26,"column":null}}],"line":26},"6":{"loc":{"start":{"line":33,"column":17},"end":{"line":37,"column":30}},"type":"binary-expr","locations":[{"start":{"line":33,"column":17},"end":{"line":33,"column":35}},{"start":{"line":33,"column":35},"end":{"line":37,"column":30}}],"line":33},"7":{"loc":{"start":{"line":37,"column":17},"end":{"line":42,"column":null}},"type":"binary-expr","locations":[{"start":{"line":37,"column":17},"end":{"line":37,"column":30}},{"start":{"line":37,"column":30},"end":{"line":37,"column":null}},{"start":{"line":38,"column":20},"end":{"line":42,"column":null}}],"line":37}},"s":{"0":6},"f":{"0":6},"b":{"0":[6],"1":[6],"2":[6],"3":[6],"4":[1,5],"5":[6,6],"6":[6,5],"7":[6,2,1]},"meta":{"lastBranch":8,"lastFunction":1,"lastStatement":1,"seen":{"f:10:24:10:33":0,"b:13:20:13:Infinity":0,"b:17:22:17:Infinity":1,"b:18:18:18:Infinity":2,"b:19:17:19:Infinity":3,"s:21:4:42:Infinity":0,"b:24:37:24:49:24:49:24:Infinity":4,"b:26:13:26:22:26:22:26:Infinity":5,"b:33:17:33:35:33:35:37:30":6,"b:37:17:37:30:37:30:37:Infinity:38:20:42:Infinity":7},"fnNames":{}}}
,"H:\\Desktop\\abc\\vitta-sync\\components\\ui\\Input.jsx": {"path":"H:\\Desktop\\abc\\vitta-sync\\components\\ui\\Input.jsx","statementMap":{"0":{"start":{"line":16,"column":25},"end":{"line":16,"column":59}},"1":{"start":{"line":18,"column":23},"end":{"line":18,"column":null}},"2":{"start":{"line":20,"column":8},"end":{"line":22,"column":null}},"3":{"start":{"line":23,"column":4},"end":{"line":131,"column":null}},"4":{"start":{"line":117,"column":40},"end":{"line":117,"column":72}},"5":{"start":{"line":117,"column":66},"end":{"line":117,"column":72}}},"fnMap":{"0":{"name":"InputUI","decl":{"start":{"line":6,"column":24},"end":{"line":6,"column":32}},"loc":{"start":{"line":15,"column":3},"end":{"line":131,"column":null}},"line":15},"1":{"name":"(anonymous_1)","decl":{"start":{"line":116,"column":36},"end":{"line":116,"column":null}},"loc":{"start":{"line":117,"column":40},"end":{"line":117,"column":72}},"line":117},"2":{"name":"(anonymous_2)","decl":{"start":{"line":117,"column":40},"end":{"line":117,"column":57}},"loc":{"start":{"line":117,"column":66},"end":{"line":117,"column":72}},"line":117}},"branchMap":{"0":{"loc":{"start":{"line":8,"column":4},"end":{"line":8,"column":null}},"type":"default-arg","locations":[{"start":{"line":8,"column":11},"end":{"line":8,"column":null}}],"line":8},"1":{"loc":{"start":{"line":13,"column":4},"end":{"line":13,"column":null}},"type":"default-arg","locations":[{"start":{"line":13,"column":25},"end":{"line":13,"column":null}}],"line":13},"2":{"loc":{"start":{"line":20,"column":8},"end":{"line":22,"column":null}},"type":"cond-expr","locations":[{"start":{"line":21,"column":15},"end":{"line":21,"column":null}},{"start":{"line":22,"column":14},"end":{"line":22,"column":null}}],"line":20},"3":{"loc":{"start":{"line":20,"column":8},"end":{"line":20,"column":null}},"type":"binary-expr","locations":[{"start":{"line":20,"column":8},"end":{"line":20,"column":30}},{"start":{"line":20,"column":30},"end":{"line":20,"column":null}}],"line":20},"4":{"loc":{"start":{"line":21,"column":15},"end":{"line":21,"column":null}},"type":"cond-expr","locations":[{"start":{"line":21,"column":30},"end":{"line":21,"column":39}},{"start":{"line":21,"column":39},"end":{"line":21,"column":null}}],"line":21},"5":{"loc":{"start":{"line":30,"column":23},"end":{"line":30,"column":null}},"type":"binary-expr","locations":[{"start":{"line":30,"column":23},"end":{"line":30,"column":42}},{"start":{"line":30,"column":42},"end":{"line":30,"column":null}}],"line":30},"6":{"loc":{"start":{"line":113,"column":24},"end":{"line":127,"column":null}},"type":"cond-expr","locations":[{"start":{"line":114,"column":28},"end":{"line":127,"column":34}},{"start":{"line":127,"column":28},"end":{"line":127,"column":null}}],"line":113},"7":{"loc":{"start":{"line":113,"column":24},"end":{"line":113,"column":null}},"type":"binary-expr","locations":[{"start":{"line":113,"column":24},"end":{"line":113,"column":46}},{"start":{"line":113,"column":46},"end":{"line":113,"column":null}}],"line":113},"8":{"loc":{"start":{"line":121,"column":37},"end":{"line":123,"column":null}},"type":"cond-expr","locations":[{"start":{"line":122,"column":42},"end":{"line":123,"column":43}},{"start":{"line":123,"column":42},"end":{"line":123,"column":null}}],"line":121},"9":{"loc":{"start":{"line":127,"column":28},"end":{"line":127,"column":null}},"type":"binary-expr","locations":[{"start":{"line":127,"column":28},"end":{"line":127,"column":68}},{"start":{"line":127,"column":68},"end":{"line":127,"column":null}}],"line":127}},"s":{"0":13,"1":13,"2":13,"3":13,"4":2,"5":2},"f":{"0":13,"1":2,"2":2},"b":{"0":[13],"1":[13],"2":[3,10],"3":[13,3],"4":[1,2],"5":[13,13],"6":[3,10],"7":[13,3],"8":[1,2],"9":[10,10]},"meta":{"lastBranch":10,"lastFunction":3,"lastStatement":6,"seen":{"f:6:24:6:32":0,"b:8:11:8:Infinity":0,"b:13:25:13:Infinity":1,"s:16:25:16:59":0,"s:18:23:18:Infinity":1,"s:20:8:22:Infinity":2,"b:21:15:21:Infinity:22:14:22:Infinity":2,"b:20:8:20:30:20:30:20:Infinity":3,"b:21:30:21:39:21:39:21:Infinity":4,"s:23:4:131:Infinity":3,"b:30:23:30:42:30:42:30:Infinity":5,"b:114:28:127:34:127:28:127:Infinity":6,"b:113:24:113:46:113:46:113:Infinity":7,"f:116:36:116:Infinity":1,"s:117:40:117:72":4,"f:117:40:117:57":2,"s:117:66:117:72":5,"b:122:42:123:43:123:42:123:Infinity":8,"b:127:28:127:68:127:68:127:Infinity":9},"fnNames":{}}}
,"H:\\Desktop\\abc\\vitta-sync\\components\\ui\\Link.jsx": {"path":"H:\\Desktop\\abc\\vitta-sync\\components\\ui\\Link.jsx","statementMap":{"0":{"start":{"line":3,"column":18},"end":{"line":7,"column":null}},"1":{"start":{"line":9,"column":20},"end":{"line":15,"column":null}},"2":{"start":{"line":19,"column":18},"end":{"line":22,"column":null}},"3":{"start":{"line":24,"column":4},"end":{"line":28,"column":null}},"4":{"start":{"line":25,"column":8},"end":{"line":28,"column":null}},"5":{"start":{"line":32,"column":4},"end":{"line":36,"column":null}},"6":{"start":{"line":33,"column":8},"end":{"line":36,"column":null}},"7":{"start":{"line":40,"column":4},"end":{"line":58,"column":null}},"8":{"start":{"line":41,"column":8},"end":{"line":58,"column":null}},"9":{"start":{"line":62,"column":4},"end":{"line":62,"column":null}}},"fnMap":{"0":{"name":"LinkUI","decl":{"start":{"line":18,"column":24},"end":{"line":18,"column":31}},"loc":{"start":{"line":18,"column":95},"end":{"line":62,"column":null}},"line":18}},"branchMap":{"0":{"loc":{"start":{"line":18,"column":62},"end":{"line":18,"column":83}},"type":"default-arg","locations":[{"start":{"line":18,"column":72},"end":{"line":18,"column":83}}],"line":18},"1":{"loc":{"start":{"line":21,"column":12},"end":{"line":21,"column":null}},"type":"cond-expr","locations":[{"start":{"line":21,"column":35},"end":{"line":21,"column":49}},{"start":{"line":21,"column":49},"end":{"line":21,"column":null}}],"line":21},"2":{"loc":{"start":{"line":24,"column":4},"end":{"line":28,"column":null}},"type":"if","locations":[{"start":{"line":24,"column":4},"end":{"line":28,"column":null}},{"start":{},"end":{}}],"line":24},"3":{"loc":{"start":{"line":32,"column":4},"end":{"line":36,"column":null}},"type":"if","locations":[{"start":{"line":32,"column":4},"end":{"line":36,"column":null}},{"start":{},"end":{}}],"line":32},"4":{"loc":{"start":{"line":40,"column":4},"end":{"line":58,"column":null}},"type":"if","locations":[{"start":{"line":40,"column":4},"end":{"line":58,"column":null}},{"start":{},"end":{}}],"line":40}},"s":{"0":1,"1":1,"2":4,"3":4,"4":1,"5":3,"6":1,"7":2,"8":1,"9":1},"f":{"0":4},"b":{"0":[4],"1":[0,4],"2":[1,3],"3":[1,2],"4":[1,1]},"meta":{"lastBranch":5,"lastFunction":1,"lastStatement":10,"seen":{"s:3:18:7:Infinity":0,"s:9:20:15:Infinity":1,"f:18:24:18:31":0,"b:18:72:18:83":0,"s:19:18:22:Infinity":2,"b:21:35:21:49:21:49:21:Infinity":1,"b:24:4:28:Infinity:undefined:undefined:undefined:undefined":2,"s:24:4:28:Infinity":3,"s:25:8:28:Infinity":4,"b:32:4:36:Infinity:undefined:undefined:undefined:undefined":3,"s:32:4:36:Infinity":5,"s:33:8:36:Infinity":6,"b:40:4:58:Infinity:undefined:undefined:undefined:undefined":4,"s:40:4:58:Infinity":7,"s:41:8:58:Infinity":8,"s:62:4:62:Infinity":9},"fnNames":{}}}
,"H:\\Desktop\\abc\\vitta-sync\\components\\ui\\RemindList.jsx": {"path":"H:\\Desktop\\abc\\vitta-sync\\components\\ui\\RemindList.jsx","statementMap":{"0":{"start":{"line":13,"column":16},"end":{"line":21,"column":null}},"1":{"start":{"line":28,"column":4},"end":{"line":32,"column":null}},"2":{"start":{"line":32,"column":8},"end":{"line":32,"column":null}},"3":{"start":{"line":35,"column":17},"end":{"line":35,"column":null}},"4":{"start":{"line":38,"column":8},"end":{"line":41,"column":23}},"5":{"start":{"line":40,"column":24},"end":{"line":40,"column":37}},"6":{"start":{"line":43,"column":4},"end":{"line":123,"column":null}},"7":{"start":{"line":91,"column":28},"end":{"line":91,"column":50}}},"fnMap":{"0":{"name":"ReminderList","decl":{"start":{"line":23,"column":24},"end":{"line":23,"column":37}},"loc":{"start":{"line":26,"column":3},"end":{"line":123,"column":null}},"line":26},"1":{"name":"(anonymous_1)","decl":{"start":{"line":40,"column":13},"end":{"line":40,"column":17}},"loc":{"start":{"line":40,"column":24},"end":{"line":40,"column":37}},"line":40},"2":{"name":"(anonymous_2)","decl":{"start":{"line":90,"column":24},"end":{"line":90,"column":null}},"loc":{"start":{"line":91,"column":28},"end":{"line":91,"column":50}},"line":91}},"branchMap":{"0":{"loc":{"start":{"line":28,"column":4},"end":{"line":32,"column":null}},"type":"if","locations":[{"start":{"line":28,"column":4},"end":{"line":32,"column":null}},{"start":{},"end":{}}],"line":28},"1":{"loc":{"start":{"line":29,"column":8},"end":{"line":30,"column":null}},"type":"binary-expr","locations":[{"start":{"line":29,"column":8},"end":{"line":29,"column":null}},{"start":{"line":30,"column":8},"end":{"line":30,"column":null}}],"line":29},"2":{"loc":{"start":{"line":52,"column":24},"end":{"line":54,"column":null}},"type":"cond-expr","locations":[{"start":{"line":53,"column":22},"end":{"line":53,"column":null}},{"start":{"line":54,"column":22},"end":{"line":54,"column":null}}],"line":52},"3":{"loc":{"start":{"line":78,"column":35},"end":{"line":80,"column":null}},"type":"cond-expr","locations":[{"start":{"line":79,"column":34},"end":{"line":79,"column":null}},{"start":{"line":80,"column":34},"end":{"line":80,"column":null}}],"line":78}},"s":{"0":1,"1":4,"2":2,"3":2,"4":2,"5":4,"6":2,"7":1},"f":{"0":4,"1":4,"2":1},"b":{"0":[2,2],"1":[4,2],"2":[2,0],"3":[2,0]},"meta":{"lastBranch":4,"lastFunction":3,"lastStatement":8,"seen":{"s:13:16:21:Infinity":0,"f:23:24:23:37":0,"b:28:4:32:Infinity:undefined:undefined:undefined:undefined":0,"s:28:4:32:Infinity":1,"b:29:8:29:Infinity:30:8:30:Infinity":1,"s:32:8:32:Infinity":2,"s:35:17:35:Infinity":3,"s:38:8:41:23":4,"f:40:13:40:17":1,"s:40:24:40:37":5,"s:43:4:123:Infinity":6,"b:53:22:53:Infinity:54:22:54:Infinity":2,"b:79:34:79:Infinity:80:34:80:Infinity":3,"f:90:24:90:Infinity":2,"s:91:28:91:50":7},"fnNames":{}}}
,"H:\\Desktop\\abc\\vitta-sync\\components\\ui\\Tooltip.jsx": {"path":"H:\\Desktop\\abc\\vitta-sync\\components\\ui\\Tooltip.jsx","statementMap":{"0":{"start":{"line":4,"column":10},"end":{"line":4,"column":null}},"1":{"start":{"line":4,"column":33},"end":{"line":4,"column":null}},"2":{"start":{"line":6,"column":4},"end":{"line":23,"column":null}}},"fnMap":{"0":{"name":"PasswordTooltip","decl":{"start":{"line":3,"column":24},"end":{"line":3,"column":40}},"loc":{"start":{"line":3,"column":51},"end":{"line":23,"column":null}},"line":3},"1":{"name":"(anonymous_1)","decl":{"start":{"line":4,"column":10},"end":{"line":4,"column":22}},"loc":{"start":{"line":4,"column":33},"end":{"line":4,"column":null}},"line":4}},"branchMap":{"0":{"loc":{"start":{"line":4,"column":33},"end":{"line":4,"column":null}},"type":"cond-expr","locations":[{"start":{"line":4,"column":41},"end":{"line":4,"column":56}},{"start":{"line":4,"column":56},"end":{"line":4,"column":null}}],"line":4}},"s":{"0":3,"1":15,"2":3},"f":{"0":3,"1":15},"b":{"0":[4,11]},"meta":{"lastBranch":1,"lastFunction":2,"lastStatement":3,"seen":{"f:3:24:3:40":0,"s:4:10:4:Infinity":0,"f:4:10:4:22":1,"s:4:33:4:Infinity":1,"b:4:41:4:56:4:56:4:Infinity":0,"s:6:4:23:Infinity":2},"fnNames":{}}}
,"H:\\Desktop\\abc\\vitta-sync\\components\\ui\\cards\\EventCard.jsx": {"path":"H:\\Desktop\\abc\\vitta-sync\\components\\ui\\cards\\EventCard.jsx","statementMap":{"0":{"start":{"line":7,"column":8},"end":{"line":16,"column":null}},"1":{"start":{"line":10,"column":16},"end":{"line":10,"column":null}},"2":{"start":{"line":13,"column":16},"end":{"line":13,"column":null}},"3":{"start":{"line":16,"column":16},"end":{"line":16,"column":null}},"4":{"start":{"line":20,"column":4},"end":{"line":93,"column":null}}},"fnMap":{"0":{"name":"EventCard","decl":{"start":{"line":3,"column":24},"end":{"line":3,"column":34}},"loc":{"start":{"line":3,"column":45},"end":{"line":93,"column":null}},"line":3},"1":{"name":"getPriorityColor","decl":{"start":{"line":5,"column":13},"end":{"line":5,"column":30}},"loc":{"start":{"line":5,"column":40},"end":{"line":16,"column":null}},"line":5}},"branchMap":{"0":{"loc":{"start":{"line":7,"column":8},"end":{"line":16,"column":null}},"type":"switch","locations":[{"start":{"line":9,"column":12},"end":{"line":10,"column":null}},{"start":{"line":12,"column":12},"end":{"line":13,"column":null}},{"start":{"line":15,"column":12},"end":{"line":16,"column":null}}],"line":7}},"s":{"0":3,"1":1,"2":1,"3":1,"4":3},"f":{"0":3,"1":3},"b":{"0":[1,1,1]},"meta":{"lastBranch":1,"lastFunction":2,"lastStatement":5,"seen":{"f:3:24:3:34":0,"f:5:13:5:30":1,"b:9:12:10:Infinity:12:12:13:Infinity:15:12:16:Infinity":0,"s:7:8:16:Infinity":0,"s:10:16:10:Infinity":1,"s:13:16:13:Infinity":2,"s:16:16:16:Infinity":3,"s:20:4:93:Infinity":4},"fnNames":{}}}
,"H:\\Desktop\\abc\\vitta-sync\\components\\ui\\cards\\HabitCard.jsx": {"path":"H:\\Desktop\\abc\\vitta-sync\\components\\ui\\cards\\HabitCard.jsx","statementMap":{"0":{"start":{"line":29,"column":4},"end":{"line":134,"column":null}}},"fnMap":{"0":{"name":"HabitCard","decl":{"start":{"line":10,"column":24},"end":{"line":10,"column":34}},"loc":{"start":{"line":25,"column":3},"end":{"line":134,"column":null}},"line":25}},"branchMap":{"0":{"loc":{"start":{"line":15,"column":4},"end":{"line":15,"column":null}},"type":"default-arg","locations":[{"start":{"line":15,"column":12},"end":{"line":15,"column":null}}],"line":15},"1":{"loc":{"start":{"line":40,"column":28},"end":{"line":40,"column":null}},"type":"cond-expr","locations":[{"start":{"line":40,"column":36},"end":{"line":40,"column":58}},{"start":{"line":40,"column":58},"end":{"line":40,"column":null}}],"line":40},"2":{"loc":{"start":{"line":41,"column":37},"end":{"line":41,"column":null}},"type":"cond-expr","locations":[{"start":{"line":41,"column":45},"end":{"line":41,"column":57}},{"start":{"line":41,"column":57},"end":{"line":41,"column":null}}],"line":41},"3":{"loc":{"start":{"line":89,"column":21},"end":{"line":113,"column":null}},"type":"binary-expr","locations":[{"start":{"line":89,"column":21},"end":{"line":89,"column":null}},{"start":{"line":91,"column":24},"end":{"line":113,"column":null}}],"line":89},"4":{"loc":{"start":{"line":118,"column":21},"end":{"line":124,"column":null}},"type":"binary-expr","locations":[{"start":{"line":118,"column":21},"end":{"line":118,"column":34}},{"start":{"line":118,"column":34},"end":{"line":118,"column":49}},{"start":{"line":118,"column":49},"end":{"line":124,"column":null}}],"line":118},"5":{"loc":{"start":{"line":126,"column":21},"end":{"line":131,"column":null}},"type":"binary-expr","locations":[{"start":{"line":126,"column":21},"end":{"line":126,"column":34}},{"start":{"line":126,"column":34},"end":{"line":126,"column":48}},{"start":{"line":126,"column":48},"end":{"line":131,"column":null}}],"line":126}},"s":{"0":4},"f":{"0":4},"b":{"0":[4],"1":[0,4],"2":[0,4],"3":[4,1],"4":[4,2,2],"5":[4,2,0]},"meta":{"lastBranch":6,"lastFunction":1,"lastStatement":1,"seen":{"f:10:24:10:34":0,"b:15:12:15:Infinity":0,"s:29:4:134:Infinity":0,"b:40:36:40:58:40:58:40:Infinity":1,"b:41:45:41:57:41:57:41:Infinity":2,"b:89:21:89:Infinity:91:24:113:Infinity":3,"b:118:21:118:34:118:34:118:49:118:49:124:Infinity":4,"b:126:21:126:34:126:34:126:48:126:48:131:Infinity":5},"fnNames":{}}}
,"H:\\Desktop\\abc\\vitta-sync\\components\\ui\\cards\\MemberCard.jsx": {"path":"H:\\Desktop\\abc\\vitta-sync\\components\\ui\\cards\\MemberCard.jsx","statementMap":{"0":{"start":{"line":20,"column":4},"end":{"line":158,"column":null}}},"fnMap":{"0":{"name":"MemberCard","decl":{"start":{"line":12,"column":24},"end":{"line":12,"column":35}},"loc":{"start":{"line":18,"column":3},"end":{"line":158,"column":null}},"line":18}},"branchMap":{"0":{"loc":{"start":{"line":16,"column":4},"end":{"line":16,"column":null}},"type":"default-arg","locations":[{"start":{"line":16,"column":16},"end":{"line":16,"column":null}}],"line":16},"1":{"loc":{"start":{"line":17,"column":4},"end":{"line":17,"column":null}},"type":"default-arg","locations":[{"start":{"line":17,"column":17},"end":{"line":17,"column":null}}],"line":17},"2":{"loc":{"start":{"line":31,"column":24},"end":{"line":33,"column":null}},"type":"cond-expr","locations":[{"start":{"line":32,"column":22},"end":{"line":32,"column":null}},{"start":{"line":33,"column":22},"end":{"line":33,"column":null}}],"line":31},"3":{"loc":{"start":{"line":118,"column":25},"end":{"line":127,"column":null}},"type":"binary-expr","locations":[{"start":{"line":118,"column":25},"end":{"line":118,"column":null}},{"start":{"line":120,"column":28},"end":{"line":127,"column":null}}],"line":118},"4":{"loc":{"start":{"line":145,"column":17},"end":{"line":152,"column":null}},"type":"binary-expr","locations":[{"start":{"line":145,"column":17},"end":{"line":145,"column":32}},{"start":{"line":145,"column":32},"end":{"line":145,"column":null}},{"start":{"line":147,"column":20},"end":{"line":152,"column":null}}],"line":145}},"s":{"0":4},"f":{"0":4},"b":{"0":[4],"1":[4],"2":[0,4],"3":[4,4],"4":[4,3,1]},"meta":{"lastBranch":5,"lastFunction":1,"lastStatement":1,"seen":{"f:12:24:12:35":0,"b:16:16:16:Infinity":0,"b:17:17:17:Infinity":1,"s:20:4:158:Infinity":0,"b:32:22:32:Infinity:33:22:33:Infinity":2,"b:118:25:118:Infinity:120:28:127:Infinity":3,"b:145:17:145:32:145:32:145:Infinity:147:20:152:Infinity":4},"fnNames":{}}}
,"H:\\Desktop\\abc\\vitta-sync\\components\\ui\\cards\\SymptomCard.jsx": {"path":"H:\\Desktop\\abc\\vitta-sync\\components\\ui\\cards\\SymptomCard.jsx","statementMap":{"0":{"start":{"line":28,"column":4},"end":{"line":134,"column":null}}},"fnMap":{"0":{"name":"SymptomCard","decl":{"start":{"line":9,"column":24},"end":{"line":9,"column":36}},"loc":{"start":{"line":24,"column":3},"end":{"line":134,"column":null}},"line":24}},"branchMap":{"0":{"loc":{"start":{"line":14,"column":4},"end":{"line":14,"column":null}},"type":"default-arg","locations":[{"start":{"line":14,"column":12},"end":{"line":14,"column":null}}],"line":14},"1":{"loc":{"start":{"line":39,"column":28},"end":{"line":39,"column":null}},"type":"cond-expr","locations":[{"start":{"line":39,"column":36},"end":{"line":39,"column":58}},{"start":{"line":39,"column":58},"end":{"line":39,"column":null}}],"line":39},"2":{"loc":{"start":{"line":40,"column":37},"end":{"line":40,"column":null}},"type":"cond-expr","locations":[{"start":{"line":40,"column":45},"end":{"line":40,"column":57}},{"start":{"line":40,"column":57},"end":{"line":40,"column":null}}],"line":40},"3":{"loc":{"start":{"line":88,"column":21},"end":{"line":112,"column":null}},"type":"binary-expr","locations":[{"start":{"line":88,"column":21},"end":{"line":88,"column":null}},{"start":{"line":90,"column":24},"end":{"line":112,"column":null}}],"line":88},"4":{"loc":{"start":{"line":117,"column":21},"end":{"line":123,"column":null}},"type":"binary-expr","locations":[{"start":{"line":117,"column":21},"end":{"line":117,"column":34}},{"start":{"line":117,"column":34},"end":{"line":117,"column":49}},{"start":{"line":117,"column":49},"end":{"line":123,"column":null}}],"line":117},"5":{"loc":{"start":{"line":125,"column":21},"end":{"line":130,"column":null}},"type":"binary-expr","locations":[{"start":{"line":125,"column":21},"end":{"line":125,"column":34}},{"start":{"line":125,"column":34},"end":{"line":125,"column":48}},{"start":{"line":125,"column":48},"end":{"line":130,"column":null}}],"line":125}},"s":{"0":4},"f":{"0":4},"b":{"0":[4],"1":[0,4],"2":[0,4],"3":[4,1],"4":[4,2,2],"5":[4,2,0]},"meta":{"lastBranch":6,"lastFunction":1,"lastStatement":1,"seen":{"f:9:24:9:36":0,"b:14:12:14:Infinity":0,"s:28:4:134:Infinity":0,"b:39:36:39:58:39:58:39:Infinity":1,"b:40:45:40:57:40:57:40:Infinity":2,"b:88:21:88:Infinity:90:24:112:Infinity":3,"b:117:21:117:34:117:34:117:49:117:49:123:Infinity":4,"b:125:21:125:34:125:34:125:48:125:48:130:Infinity":5},"fnNames":{}}}
,"H:\\Desktop\\abc\\vitta-sync\\components\\ui\\cards\\VitalCard.jsx": {"path":"H:\\Desktop\\abc\\vitta-sync\\components\\ui\\cards\\VitalCard.jsx","statementMap":{"0":{"start":{"line":28,"column":4},"end":{"line":127,"column":null}}},"fnMap":{"0":{"name":"VitalCard","decl":{"start":{"line":12,"column":24},"end":{"line":12,"column":34}},"loc":{"start":{"line":26,"column":3},"end":{"line":127,"column":null}},"line":26}},"branchMap":{"0":{"loc":{"start":{"line":17,"column":4},"end":{"line":17,"column":null}},"type":"default-arg","locations":[{"start":{"line":17,"column":12},"end":{"line":17,"column":null}}],"line":17},"1":{"loc":{"start":{"line":39,"column":28},"end":{"line":39,"column":null}},"type":"cond-expr","locations":[{"start":{"line":39,"column":36},"end":{"line":39,"column":58}},{"start":{"line":39,"column":58},"end":{"line":39,"column":null}}],"line":39},"2":{"loc":{"start":{"line":40,"column":37},"end":{"line":40,"column":null}},"type":"cond-expr","locations":[{"start":{"line":40,"column":45},"end":{"line":40,"column":57}},{"start":{"line":40,"column":57},"end":{"line":40,"column":null}}],"line":40},"3":{"loc":{"start":{"line":88,"column":21},"end":{"line":112,"column":null}},"type":"binary-expr","locations":[{"start":{"line":88,"column":21},"end":{"line":88,"column":null}},{"start":{"line":90,"column":24},"end":{"line":112,"column":null}}],"line":88},"4":{"loc":{"start":{"line":117,"column":21},"end":{"line":123,"column":null}},"type":"binary-expr","locations":[{"start":{"line":117,"column":21},"end":{"line":117,"column":34}},{"start":{"line":117,"column":34},"end":{"line":123,"column":null}}],"line":117}},"s":{"0":4},"f":{"0":4},"b":{"0":[4],"1":[0,4],"2":[0,4],"3":[4,1],"4":[4,2]},"meta":{"lastBranch":5,"lastFunction":1,"lastStatement":1,"seen":{"f:12:24:12:34":0,"b:17:12:17:Infinity":0,"s:28:4:127:Infinity":0,"b:39:36:39:58:39:58:39:Infinity":1,"b:40:45:40:57:40:57:40:Infinity":2,"b:88:21:88:Infinity:90:24:112:Infinity":3,"b:117:21:117:34:117:34:123:Infinity":4},"fnNames":{}}}
,"H:\\Desktop\\abc\\vitta-sync\\services\\authService.js": {"path":"H:\\Desktop\\abc\\vitta-sync\\services\\authService.js","statementMap":{"0":{"start":{"line":4,"column":4},"end":{"line":4,"column":null}}},"fnMap":{"0":{"name":"logout","decl":{"start":{"line":3,"column":22},"end":{"line":3,"column":31}},"loc":{"start":{"line":3,"column":31},"end":{"line":4,"column":null}},"line":3}},"branchMap":{},"s":{"0":1},"f":{"0":1},"b":{},"meta":{"lastBranch":0,"lastFunction":1,"lastStatement":1,"seen":{"f:3:22:3:31":0,"s:4:4:4:Infinity":0},"fnNames":{}}}
,"H:\\Desktop\\abc\\vitta-sync\\services\\contactEmergencyService.js": {"path":"H:\\Desktop\\abc\\vitta-sync\\services\\contactEmergencyService.js","statementMap":{"0":{"start":{"line":7,"column":8},"end":{"line":8,"column":null}},"1":{"start":{"line":11,"column":4},"end":{"line":11,"column":null}},"2":{"start":{"line":21,"column":8},"end":{"line":23,"column":null}},"3":{"start":{"line":26,"column":4},"end":{"line":26,"column":null}},"4":{"start":{"line":37,"column":8},"end":{"line":39,"column":null}},"5":{"start":{"line":42,"column":4},"end":{"line":42,"column":null}},"6":{"start":{"line":52,"column":8},"end":{"line":53,"column":null}},"7":{"start":{"line":56,"column":4},"end":{"line":56,"column":null}}},"fnMap":{"0":{"name":"getEmergencyContacts","decl":{"start":{"line":4,"column":4},"end":{"line":4,"column":25}},"loc":{"start":{"line":4,"column":30},"end":{"line":11,"column":null}},"line":4},"1":{"name":"createEmergencyContact","decl":{"start":{"line":15,"column":4},"end":{"line":15,"column":null}},"loc":{"start":{"line":18,"column":6},"end":{"line":26,"column":null}},"line":18},"2":{"name":"editEmergencyContact","decl":{"start":{"line":30,"column":4},"end":{"line":30,"column":null}},"loc":{"start":{"line":34,"column":6},"end":{"line":42,"column":null}},"line":34},"3":{"name":"deleteEmergencyContact","decl":{"start":{"line":46,"column":4},"end":{"line":46,"column":null}},"loc":{"start":{"line":49,"column":6},"end":{"line":56,"column":null}},"line":49}},"branchMap":{},"s":{"0":1,"1":1,"2":1,"3":1,"4":1,"5":1,"6":1,"7":1},"f":{"0":1,"1":1,"2":1,"3":1},"b":{},"meta":{"lastBranch":0,"lastFunction":4,"lastStatement":8,"seen":{"f:4:4:4:25":0,"s:7:8:8:Infinity":0,"s:11:4:11:Infinity":1,"f:15:4:15:Infinity":1,"s:21:8:23:Infinity":2,"s:26:4:26:Infinity":3,"f:30:4:30:Infinity":2,"s:37:8:39:Infinity":4,"s:42:4:42:Infinity":5,"f:46:4:46:Infinity":3,"s:52:8:53:Infinity":6,"s:56:4:56:Infinity":7},"fnNames":{}}}
,"H:\\Desktop\\abc\\vitta-sync\\services\\documentService.js": {"path":"H:\\Desktop\\abc\\vitta-sync\\services\\documentService.js","statementMap":{"0":{"start":{"line":7,"column":8},"end":{"line":8,"column":null}},"1":{"start":{"line":11,"column":4},"end":{"line":11,"column":null}},"2":{"start":{"line":18,"column":8},"end":{"line":19,"column":null}},"3":{"start":{"line":22,"column":4},"end":{"line":22,"column":null}},"4":{"start":{"line":32,"column":8},"end":{"line":40,"column":null}},"5":{"start":{"line":43,"column":4},"end":{"line":43,"column":null}},"6":{"start":{"line":49,"column":4},"end":{"line":51,"column":null}},"7":{"start":{"line":57,"column":4},"end":{"line":57,"column":null}},"8":{"start":{"line":61,"column":21},"end":{"line":63,"column":null}},"9":{"start":{"line":66,"column":20},"end":{"line":71,"column":null}},"10":{"start":{"line":72,"column":17},"end":{"line":72,"column":null}},"11":{"start":{"line":74,"column":17},"end":{"line":74,"column":52}},"12":{"start":{"line":75,"column":4},"end":{"line":75,"column":null}},"13":{"start":{"line":79,"column":21},"end":{"line":81,"column":null}},"14":{"start":{"line":84,"column":17},"end":{"line":84,"column":42}},"15":{"start":{"line":85,"column":16},"end":{"line":85,"column":41}},"16":{"start":{"line":87,"column":17},"end":{"line":87,"column":44}},"17":{"start":{"line":88,"column":4},"end":{"line":88,"column":null}},"18":{"start":{"line":89,"column":4},"end":{"line":89,"column":null}},"19":{"start":{"line":90,"column":4},"end":{"line":90,"column":null}},"20":{"start":{"line":92,"column":4},"end":{"line":92,"column":null}}},"fnMap":{"0":{"name":"getPatientDocuments","decl":{"start":{"line":4,"column":4},"end":{"line":4,"column":24}},"loc":{"start":{"line":4,"column":29},"end":{"line":11,"column":null}},"line":4},"1":{"name":"getDoctorDocuments","decl":{"start":{"line":15,"column":4},"end":{"line":15,"column":25}},"loc":{"start":{"line":15,"column":25},"end":{"line":22,"column":null}},"line":15},"2":{"name":"uploadDocument","decl":{"start":{"line":26,"column":4},"end":{"line":26,"column":null}},"loc":{"start":{"line":29,"column":6},"end":{"line":43,"column":null}},"line":29},"3":{"name":"deleteDocument","decl":{"start":{"line":47,"column":4},"end":{"line":47,"column":19}},"loc":{"start":{"line":47,"column":23},"end":{"line":51,"column":null}},"line":47},"4":{"name":"getViewDocumentUrl","decl":{"start":{"line":55,"column":4},"end":{"line":55,"column":23}},"loc":{"start":{"line":55,"column":27},"end":{"line":57,"column":null}},"line":55},"5":{"name":"viewDocument","decl":{"start":{"line":60,"column":22},"end":{"line":60,"column":35}},"loc":{"start":{"line":60,"column":49},"end":{"line":75,"column":null}},"line":60},"6":{"name":"downloadDocument","decl":{"start":{"line":78,"column":22},"end":{"line":78,"column":39}},"loc":{"start":{"line":78,"column":57},"end":{"line":92,"column":null}},"line":78}},"branchMap":{"0":{"loc":{"start":{"line":72,"column":17},"end":{"line":72,"column":null}},"type":"binary-expr","locations":[{"start":{"line":72,"column":17},"end":{"line":72,"column":38}},{"start":{"line":72,"column":38},"end":{"line":72,"column":null}}],"line":72}},"s":{"0":1,"1":1,"2":1,"3":1,"4":1,"5":1,"6":1,"7":1,"8":2,"9":2,"10":2,"11":2,"12":2,"13":1,"14":1,"15":1,"16":1,"17":1,"18":1,"19":1,"20":1},"f":{"0":1,"1":1,"2":1,"3":1,"4":1,"5":2,"6":1},"b":{"0":[2,1]},"meta":{"lastBranch":1,"lastFunction":7,"lastStatement":21,"seen":{"f:4:4:4:24":0,"s:7:8:8:Infinity":0,"s:11:4:11:Infinity":1,"f:15:4:15:25":1,"s:18:8:19:Infinity":2,"s:22:4:22:Infinity":3,"f:26:4:26:Infinity":2,"s:32:8:40:Infinity":4,"s:43:4:43:Infinity":5,"f:47:4:47:19":3,"s:49:4:51:Infinity":6,"f:55:4:55:23":4,"s:57:4:57:Infinity":7,"f:60:22:60:35":5,"s:61:21:63:Infinity":8,"s:66:20:71:Infinity":9,"s:72:17:72:Infinity":10,"b:72:17:72:38:72:38:72:Infinity":0,"s:74:17:74:52":11,"s:75:4:75:Infinity":12,"f:78:22:78:39":6,"s:79:21:81:Infinity":13,"s:84:17:84:42":14,"s:85:16:85:41":15,"s:87:17:87:44":16,"s:88:4:88:Infinity":17,"s:89:4:89:Infinity":18,"s:90:4:90:Infinity":19,"s:92:4:92:Infinity":20},"fnNames":{}}}
,"H:\\Desktop\\abc\\vitta-sync\\services\\eventService.js": {"path":"H:\\Desktop\\abc\\vitta-sync\\services\\eventService.js","statementMap":{"0":{"start":{"line":5,"column":21},"end":{"line":6,"column":null}},"1":{"start":{"line":9,"column":4},"end":{"line":9,"column":null}},"2":{"start":{"line":14,"column":21},"end":{"line":15,"column":null}},"3":{"start":{"line":18,"column":4},"end":{"line":18,"column":null}},"4":{"start":{"line":25,"column":4},"end":{"line":27,"column":null}}},"fnMap":{"0":{"name":"getPatientEvents","decl":{"start":{"line":3,"column":22},"end":{"line":3,"column":39}},"loc":{"start":{"line":3,"column":50},"end":{"line":9,"column":null}},"line":3},"1":{"name":"getUnreadEventsCount","decl":{"start":{"line":12,"column":22},"end":{"line":12,"column":43}},"loc":{"start":{"line":12,"column":54},"end":{"line":18,"column":null}},"line":12},"2":{"name":"markEventsAsRead","decl":{"start":{"line":21,"column":22},"end":{"line":21,"column":null}},"loc":{"start":{"line":23,"column":2},"end":{"line":27,"column":null}},"line":23}},"branchMap":{},"s":{"0":1,"1":1,"2":1,"3":1,"4":1},"f":{"0":1,"1":1,"2":1},"b":{},"meta":{"lastBranch":0,"lastFunction":3,"lastStatement":5,"seen":{"f:3:22:3:39":0,"s:5:21:6:Infinity":0,"s:9:4:9:Infinity":1,"f:12:22:12:43":1,"s:14:21:15:Infinity":2,"s:18:4:18:Infinity":3,"f:21:22:21:Infinity":2,"s:25:4:27:Infinity":4},"fnNames":{}}}
,"H:\\Desktop\\abc\\vitta-sync\\services\\habitService.js": {"path":"H:\\Desktop\\abc\\vitta-sync\\services\\habitService.js","statementMap":{"0":{"start":{"line":3,"column":30},"end":{"line":5,"column":null}},"1":{"start":{"line":4,"column":21},"end":{"line":4,"column":70}},"2":{"start":{"line":5,"column":4},"end":{"line":5,"column":null}},"3":{"start":{"line":8,"column":26},"end":{"line":10,"column":null}},"4":{"start":{"line":9,"column":21},"end":{"line":9,"column":72}},"5":{"start":{"line":10,"column":4},"end":{"line":10,"column":null}},"6":{"start":{"line":13,"column":28},"end":{"line":15,"column":null}},"7":{"start":{"line":14,"column":21},"end":{"line":14,"column":70}},"8":{"start":{"line":15,"column":4},"end":{"line":15,"column":null}},"9":{"start":{"line":18,"column":25},"end":{"line":20,"column":null}},"10":{"start":{"line":19,"column":21},"end":{"line":19,"column":64}},"11":{"start":{"line":20,"column":4},"end":{"line":20,"column":null}}},"fnMap":{"0":{"name":"(anonymous_0)","decl":{"start":{"line":3,"column":30},"end":{"line":3,"column":37}},"loc":{"start":{"line":3,"column":51},"end":{"line":5,"column":null}},"line":3},"1":{"name":"(anonymous_1)","decl":{"start":{"line":8,"column":26},"end":{"line":8,"column":33}},"loc":{"start":{"line":8,"column":51},"end":{"line":10,"column":null}},"line":8},"2":{"name":"(anonymous_2)","decl":{"start":{"line":13,"column":28},"end":{"line":13,"column":35}},"loc":{"start":{"line":13,"column":47},"end":{"line":15,"column":null}},"line":13},"3":{"name":"(anonymous_3)","decl":{"start":{"line":18,"column":25},"end":{"line":18,"column":32}},"loc":{"start":{"line":18,"column":40},"end":{"line":20,"column":null}},"line":18}},"branchMap":{},"s":{"0":1,"1":1,"2":1,"3":1,"4":1,"5":1,"6":1,"7":1,"8":1,"9":1,"10":1,"11":1},"f":{"0":1,"1":1,"2":1,"3":1},"b":{},"meta":{"lastBranch":0,"lastFunction":4,"lastStatement":12,"seen":{"s:3:30:5:Infinity":0,"f:3:30:3:37":0,"s:4:21:4:70":1,"s:5:4:5:Infinity":2,"s:8:26:10:Infinity":3,"f:8:26:8:33":1,"s:9:21:9:72":4,"s:10:4:10:Infinity":5,"s:13:28:15:Infinity":6,"f:13:28:13:35":2,"s:14:21:14:70":7,"s:15:4:15:Infinity":8,"s:18:25:20:Infinity":9,"f:18:25:18:32":3,"s:19:21:19:64":10,"s:20:4:20:Infinity":11},"fnNames":{}}}
,"H:\\Desktop\\abc\\vitta-sync\\services\\linkService.js": {"path":"H:\\Desktop\\abc\\vitta-sync\\services\\linkService.js","statementMap":{"0":{"start":{"line":3,"column":24},"end":{"line":8,"column":null}},"1":{"start":{"line":6,"column":8},"end":{"line":6,"column":34}},"2":{"start":{"line":8,"column":4},"end":{"line":8,"column":null}},"3":{"start":{"line":11,"column":26},"end":{"line":16,"column":null}},"4":{"start":{"line":14,"column":8},"end":{"line":14,"column":43}},"5":{"start":{"line":16,"column":4},"end":{"line":16,"column":null}},"6":{"start":{"line":19,"column":32},"end":{"line":31,"column":null}},"7":{"start":{"line":24,"column":8},"end":{"line":28,"column":null}},"8":{"start":{"line":31,"column":4},"end":{"line":31,"column":null}},"9":{"start":{"line":34,"column":28},"end":{"line":45,"column":null}},"10":{"start":{"line":37,"column":8},"end":{"line":42,"column":null}},"11":{"start":{"line":45,"column":4},"end":{"line":45,"column":null}},"12":{"start":{"line":48,"column":31},"end":{"line":53,"column":null}},"13":{"start":{"line":51,"column":8},"end":{"line":51,"column":73}},"14":{"start":{"line":53,"column":4},"end":{"line":53,"column":null}},"15":{"start":{"line":59,"column":8},"end":{"line":60,"column":null}},"16":{"start":{"line":63,"column":4},"end":{"line":63,"column":null}},"17":{"start":{"line":72,"column":8},"end":{"line":73,"column":null}},"18":{"start":{"line":76,"column":4},"end":{"line":76,"column":null}}},"fnMap":{"0":{"name":"(anonymous_0)","decl":{"start":{"line":3,"column":24},"end":{"line":3,"column":36}},"loc":{"start":{"line":3,"column":36},"end":{"line":8,"column":null}},"line":3},"1":{"name":"(anonymous_1)","decl":{"start":{"line":11,"column":26},"end":{"line":11,"column":33}},"loc":{"start":{"line":11,"column":40},"end":{"line":16,"column":null}},"line":11},"2":{"name":"(anonymous_2)","decl":{"start":{"line":19,"column":32},"end":{"line":19,"column":null}},"loc":{"start":{"line":21,"column":5},"end":{"line":31,"column":null}},"line":21},"3":{"name":"(anonymous_3)","decl":{"start":{"line":34,"column":28},"end":{"line":34,"column":35}},"loc":{"start":{"line":34,"column":52},"end":{"line":45,"column":null}},"line":34},"4":{"name":"(anonymous_4)","decl":{"start":{"line":48,"column":31},"end":{"line":48,"column":38}},"loc":{"start":{"line":48,"column":54},"end":{"line":53,"column":null}},"line":48},"5":{"name":"getAvailablePatients","decl":{"start":{"line":56,"column":22},"end":{"line":56,"column":45}},"loc":{"start":{"line":56,"column":45},"end":{"line":63,"column":null}},"line":56},"6":{"name":"getLinksByPatientId","decl":{"start":{"line":67,"column":4},"end":{"line":67,"column":null}},"loc":{"start":{"line":69,"column":6},"end":{"line":76,"column":null}},"line":69}},"branchMap":{},"s":{"0":1,"1":1,"2":1,"3":1,"4":1,"5":1,"6":1,"7":1,"8":1,"9":1,"10":1,"11":1,"12":1,"13":1,"14":1,"15":1,"16":1,"17":1,"18":1},"f":{"0":1,"1":1,"2":1,"3":1,"4":1,"5":1,"6":1},"b":{},"meta":{"lastBranch":0,"lastFunction":7,"lastStatement":19,"seen":{"s:3:24:8:Infinity":0,"f:3:24:3:36":0,"s:6:8:6:34":1,"s:8:4:8:Infinity":2,"s:11:26:16:Infinity":3,"f:11:26:11:33":1,"s:14:8:14:43":4,"s:16:4:16:Infinity":5,"s:19:32:31:Infinity":6,"f:19:32:19:Infinity":2,"s:24:8:28:Infinity":7,"s:31:4:31:Infinity":8,"s:34:28:45:Infinity":9,"f:34:28:34:35":3,"s:37:8:42:Infinity":10,"s:45:4:45:Infinity":11,"s:48:31:53:Infinity":12,"f:48:31:48:38":4,"s:51:8:51:73":13,"s:53:4:53:Infinity":14,"f:56:22:56:45":5,"s:59:8:60:Infinity":15,"s:63:4:63:Infinity":16,"f:67:4:67:Infinity":6,"s:72:8:73:Infinity":17,"s:76:4:76:Infinity":18},"fnNames":{}}}
,"H:\\Desktop\\abc\\vitta-sync\\services\\reminderService.js": {"path":"H:\\Desktop\\abc\\vitta-sync\\services\\reminderService.js","statementMap":{"0":{"start":{"line":3,"column":32},"end":{"line":13,"column":null}},"1":{"start":{"line":8,"column":21},"end":{"line":10,"column":null}},"2":{"start":{"line":13,"column":4},"end":{"line":13,"column":null}},"3":{"start":{"line":16,"column":27},"end":{"line":24,"column":null}},"4":{"start":{"line":20,"column":21},"end":{"line":21,"column":null}},"5":{"start":{"line":24,"column":4},"end":{"line":24,"column":null}},"6":{"start":{"line":27,"column":32},"end":{"line":35,"column":null}},"7":{"start":{"line":31,"column":21},"end":{"line":32,"column":null}},"8":{"start":{"line":35,"column":4},"end":{"line":35,"column":null}},"9":{"start":{"line":38,"column":34},"end":{"line":46,"column":null}},"10":{"start":{"line":42,"column":21},"end":{"line":43,"column":null}},"11":{"start":{"line":46,"column":4},"end":{"line":46,"column":null}}},"fnMap":{"0":{"name":"(anonymous_0)","decl":{"start":{"line":3,"column":32},"end":{"line":3,"column":null}},"loc":{"start":{"line":6,"column":5},"end":{"line":13,"column":null}},"line":6},"1":{"name":"(anonymous_1)","decl":{"start":{"line":16,"column":27},"end":{"line":16,"column":null}},"loc":{"start":{"line":18,"column":5},"end":{"line":24,"column":null}},"line":18},"2":{"name":"(anonymous_2)","decl":{"start":{"line":27,"column":32},"end":{"line":27,"column":null}},"loc":{"start":{"line":29,"column":5},"end":{"line":35,"column":null}},"line":29},"3":{"name":"(anonymous_3)","decl":{"start":{"line":38,"column":34},"end":{"line":38,"column":null}},"loc":{"start":{"line":40,"column":5},"end":{"line":46,"column":null}},"line":40}},"branchMap":{},"s":{"0":1,"1":1,"2":1,"3":1,"4":1,"5":1,"6":1,"7":1,"8":1,"9":1,"10":1,"11":1},"f":{"0":1,"1":1,"2":1,"3":1},"b":{},"meta":{"lastBranch":0,"lastFunction":4,"lastStatement":12,"seen":{"s:3:32:13:Infinity":0,"f:3:32:3:Infinity":0,"s:8:21:10:Infinity":1,"s:13:4:13:Infinity":2,"s:16:27:24:Infinity":3,"f:16:27:16:Infinity":1,"s:20:21:21:Infinity":4,"s:24:4:24:Infinity":5,"s:27:32:35:Infinity":6,"f:27:32:27:Infinity":2,"s:31:21:32:Infinity":7,"s:35:4:35:Infinity":8,"s:38:34:46:Infinity":9,"f:38:34:38:Infinity":3,"s:42:21:43:Infinity":10,"s:46:4:46:Infinity":11},"fnNames":{}}}
,"H:\\Desktop\\abc\\vitta-sync\\services\\symptomService.js": {"path":"H:\\Desktop\\abc\\vitta-sync\\services\\symptomService.js","statementMap":{"0":{"start":{"line":3,"column":31},"end":{"line":5,"column":null}},"1":{"start":{"line":4,"column":21},"end":{"line":4,"column":77}},"2":{"start":{"line":5,"column":4},"end":{"line":5,"column":null}},"3":{"start":{"line":8,"column":27},"end":{"line":10,"column":null}},"4":{"start":{"line":9,"column":21},"end":{"line":9,"column":79}},"5":{"start":{"line":10,"column":4},"end":{"line":10,"column":null}},"6":{"start":{"line":13,"column":29},"end":{"line":15,"column":null}},"7":{"start":{"line":14,"column":21},"end":{"line":14,"column":77}},"8":{"start":{"line":15,"column":4},"end":{"line":15,"column":null}},"9":{"start":{"line":18,"column":26},"end":{"line":20,"column":null}},"10":{"start":{"line":19,"column":21},"end":{"line":19,"column":72}},"11":{"start":{"line":20,"column":4},"end":{"line":20,"column":null}}},"fnMap":{"0":{"name":"(anonymous_0)","decl":{"start":{"line":3,"column":31},"end":{"line":3,"column":38}},"loc":{"start":{"line":3,"column":52},"end":{"line":5,"column":null}},"line":3},"1":{"name":"(anonymous_1)","decl":{"start":{"line":8,"column":27},"end":{"line":8,"column":34}},"loc":{"start":{"line":8,"column":52},"end":{"line":10,"column":null}},"line":8},"2":{"name":"(anonymous_2)","decl":{"start":{"line":13,"column":29},"end":{"line":13,"column":36}},"loc":{"start":{"line":13,"column":48},"end":{"line":15,"column":null}},"line":13},"3":{"name":"(anonymous_3)","decl":{"start":{"line":18,"column":26},"end":{"line":18,"column":33}},"loc":{"start":{"line":18,"column":41},"end":{"line":20,"column":null}},"line":18}},"branchMap":{},"s":{"0":1,"1":1,"2":1,"3":1,"4":1,"5":1,"6":1,"7":1,"8":1,"9":1,"10":1,"11":1},"f":{"0":1,"1":1,"2":1,"3":1},"b":{},"meta":{"lastBranch":0,"lastFunction":4,"lastStatement":12,"seen":{"s:3:31:5:Infinity":0,"f:3:31:3:38":0,"s:4:21:4:77":1,"s:5:4:5:Infinity":2,"s:8:27:10:Infinity":3,"f:8:27:8:34":1,"s:9:21:9:79":4,"s:10:4:10:Infinity":5,"s:13:29:15:Infinity":6,"f:13:29:13:36":2,"s:14:21:14:77":7,"s:15:4:15:Infinity":8,"s:18:26:20:Infinity":9,"f:18:26:18:33":3,"s:19:21:19:72":10,"s:20:4:20:Infinity":11},"fnNames":{}}}
,"H:\\Desktop\\abc\\vitta-sync\\services\\userService.js": {"path":"H:\\Desktop\\abc\\vitta-sync\\services\\userService.js","statementMap":{"0":{"start":{"line":3,"column":26},"end":{"line":5,"column":null}},"1":{"start":{"line":4,"column":21},"end":{"line":4,"column":63}},"2":{"start":{"line":5,"column":4},"end":{"line":5,"column":null}},"3":{"start":{"line":8,"column":28},"end":{"line":10,"column":null}},"4":{"start":{"line":9,"column":21},"end":{"line":9,"column":69}},"5":{"start":{"line":10,"column":4},"end":{"line":10,"column":null}},"6":{"start":{"line":13,"column":24},"end":{"line":15,"column":null}},"7":{"start":{"line":14,"column":21},"end":{"line":14,"column":66}},"8":{"start":{"line":15,"column":4},"end":{"line":15,"column":null}},"9":{"start":{"line":18,"column":26},"end":{"line":20,"column":null}},"10":{"start":{"line":19,"column":21},"end":{"line":19,"column":64}},"11":{"start":{"line":20,"column":4},"end":{"line":20,"column":null}},"12":{"start":{"line":23,"column":21},"end":{"line":25,"column":null}},"13":{"start":{"line":24,"column":21},"end":{"line":24,"column":56}},"14":{"start":{"line":25,"column":4},"end":{"line":25,"column":null}},"15":{"start":{"line":28,"column":28},"end":{"line":32,"column":null}},"16":{"start":{"line":29,"column":21},"end":{"line":30,"column":null}},"17":{"start":{"line":32,"column":4},"end":{"line":32,"column":null}},"18":{"start":{"line":35,"column":36},"end":{"line":40,"column":null}},"19":{"start":{"line":36,"column":21},"end":{"line":38,"column":null}},"20":{"start":{"line":40,"column":4},"end":{"line":40,"column":null}},"21":{"start":{"line":43,"column":30},"end":{"line":50,"column":null}},"22":{"start":{"line":45,"column":21},"end":{"line":47,"column":null}},"23":{"start":{"line":50,"column":4},"end":{"line":50,"column":null}}},"fnMap":{"0":{"name":"(anonymous_0)","decl":{"start":{"line":3,"column":26},"end":{"line":3,"column":33}},"loc":{"start":{"line":3,"column":42},"end":{"line":5,"column":null}},"line":3},"1":{"name":"(anonymous_1)","decl":{"start":{"line":8,"column":28},"end":{"line":8,"column":35}},"loc":{"start":{"line":8,"column":44},"end":{"line":10,"column":null}},"line":8},"2":{"name":"(anonymous_2)","decl":{"start":{"line":13,"column":24},"end":{"line":13,"column":31}},"loc":{"start":{"line":13,"column":45},"end":{"line":15,"column":null}},"line":13},"3":{"name":"(anonymous_3)","decl":{"start":{"line":18,"column":26},"end":{"line":18,"column":33}},"loc":{"start":{"line":18,"column":41},"end":{"line":20,"column":null}},"line":18},"4":{"name":"(anonymous_4)","decl":{"start":{"line":23,"column":21},"end":{"line":23,"column":28}},"loc":{"start":{"line":23,"column":37},"end":{"line":25,"column":null}},"line":23},"5":{"name":"(anonymous_5)","decl":{"start":{"line":28,"column":28},"end":{"line":28,"column":35}},"loc":{"start":{"line":28,"column":44},"end":{"line":32,"column":null}},"line":28},"6":{"name":"(anonymous_6)","decl":{"start":{"line":35,"column":36},"end":{"line":35,"column":43}},"loc":{"start":{"line":35,"column":52},"end":{"line":40,"column":null}},"line":35},"7":{"name":"(anonymous_7)","decl":{"start":{"line":43,"column":30},"end":{"line":43,"column":37}},"loc":{"start":{"line":43,"column":46},"end":{"line":50,"column":null}},"line":43}},"branchMap":{},"s":{"0":1,"1":1,"2":1,"3":1,"4":1,"5":1,"6":1,"7":1,"8":1,"9":1,"10":1,"11":1,"12":1,"13":1,"14":1,"15":1,"16":1,"17":1,"18":1,"19":1,"20":1,"21":1,"22":1,"23":1},"f":{"0":1,"1":1,"2":1,"3":1,"4":1,"5":1,"6":1,"7":1},"b":{},"meta":{"lastBranch":0,"lastFunction":8,"lastStatement":24,"seen":{"s:3:26:5:Infinity":0,"f:3:26:3:33":0,"s:4:21:4:63":1,"s:5:4:5:Infinity":2,"s:8:28:10:Infinity":3,"f:8:28:8:35":1,"s:9:21:9:69":4,"s:10:4:10:Infinity":5,"s:13:24:15:Infinity":6,"f:13:24:13:31":2,"s:14:21:14:66":7,"s:15:4:15:Infinity":8,"s:18:26:20:Infinity":9,"f:18:26:18:33":3,"s:19:21:19:64":10,"s:20:4:20:Infinity":11,"s:23:21:25:Infinity":12,"f:23:21:23:28":4,"s:24:21:24:56":13,"s:25:4:25:Infinity":14,"s:28:28:32:Infinity":15,"f:28:28:28:35":5,"s:29:21:30:Infinity":16,"s:32:4:32:Infinity":17,"s:35:36:40:Infinity":18,"f:35:36:35:43":6,"s:36:21:38:Infinity":19,"s:40:4:40:Infinity":20,"s:43:30:50:Infinity":21,"f:43:30:43:37":7,"s:45:21:47:Infinity":22,"s:50:4:50:Infinity":23},"fnNames":{}}}
,"H:\\Desktop\\abc\\vitta-sync\\services\\vitalService.js": {"path":"H:\\Desktop\\abc\\vitta-sync\\services\\vitalService.js","statementMap":{"0":{"start":{"line":3,"column":34},"end":{"line":9,"column":null}},"1":{"start":{"line":4,"column":21},"end":{"line":6,"column":null}},"2":{"start":{"line":9,"column":4},"end":{"line":9,"column":null}},"3":{"start":{"line":12,"column":29},"end":{"line":17,"column":null}},"4":{"start":{"line":13,"column":21},"end":{"line":14,"column":null}},"5":{"start":{"line":17,"column":4},"end":{"line":17,"column":null}},"6":{"start":{"line":20,"column":30},"end":{"line":26,"column":null}},"7":{"start":{"line":21,"column":21},"end":{"line":23,"column":null}},"8":{"start":{"line":26,"column":4},"end":{"line":26,"column":null}},"9":{"start":{"line":29,"column":32},"end":{"line":34,"column":null}},"10":{"start":{"line":30,"column":21},"end":{"line":31,"column":null}},"11":{"start":{"line":34,"column":4},"end":{"line":34,"column":null}}},"fnMap":{"0":{"name":"(anonymous_0)","decl":{"start":{"line":3,"column":34},"end":{"line":3,"column":41}},"loc":{"start":{"line":3,"column":55},"end":{"line":9,"column":null}},"line":3},"1":{"name":"(anonymous_1)","decl":{"start":{"line":12,"column":29},"end":{"line":12,"column":36}},"loc":{"start":{"line":12,"column":44},"end":{"line":17,"column":null}},"line":12},"2":{"name":"(anonymous_2)","decl":{"start":{"line":20,"column":30},"end":{"line":20,"column":37}},"loc":{"start":{"line":20,"column":55},"end":{"line":26,"column":null}},"line":20},"3":{"name":"(anonymous_3)","decl":{"start":{"line":29,"column":32},"end":{"line":29,"column":39}},"loc":{"start":{"line":29,"column":51},"end":{"line":34,"column":null}},"line":29}},"branchMap":{},"s":{"0":1,"1":1,"2":1,"3":1,"4":1,"5":1,"6":1,"7":1,"8":1,"9":1,"10":1,"11":1},"f":{"0":1,"1":1,"2":1,"3":1},"b":{},"meta":{"lastBranch":0,"lastFunction":4,"lastStatement":12,"seen":{"s:3:34:9:Infinity":0,"f:3:34:3:41":0,"s:4:21:6:Infinity":1,"s:9:4:9:Infinity":2,"s:12:29:17:Infinity":3,"f:12:29:12:36":1,"s:13:21:14:Infinity":4,"s:17:4:17:Infinity":5,"s:20:30:26:Infinity":6,"f:20:30:20:37":2,"s:21:21:23:Infinity":7,"s:26:4:26:Infinity":8,"s:29:32:34:Infinity":9,"f:29:32:29:39":3,"s:30:21:31:Infinity":10,"s:34:4:34:Infinity":11},"fnNames":{}}}
,"H:\\Desktop\\abc\\vitta-sync\\utils\\formatters\\formatCPF.js": {"path":"H:\\Desktop\\abc\\vitta-sync\\utils\\formatters\\formatCPF.js","statementMap":{"0":{"start":{"line":2,"column":20},"end":{"line":2,"column":57}},"1":{"start":{"line":4,"column":4},"end":{"line":7,"column":null}},"2":{"start":{"line":11,"column":4},"end":{"line":11,"column":null}},"3":{"start":{"line":13,"column":4},"end":{"line":13,"column":null}},"4":{"start":{"line":13,"column":52},"end":{"line":13,"column":null}},"5":{"start":{"line":15,"column":15},"end":{"line":15,"column":null}},"6":{"start":{"line":18,"column":4},"end":{"line":19,"column":null}},"7":{"start":{"line":18,"column":17},"end":{"line":18,"column":20}},"8":{"start":{"line":19,"column":8},"end":{"line":19,"column":null}},"9":{"start":{"line":21,"column":4},"end":{"line":21,"column":null}},"10":{"start":{"line":22,"column":4},"end":{"line":22,"column":null}},"11":{"start":{"line":22,"column":38},"end":{"line":22,"column":null}},"12":{"start":{"line":23,"column":4},"end":{"line":23,"column":null}},"13":{"start":{"line":23,"column":50},"end":{"line":23,"column":null}},"14":{"start":{"line":25,"column":4},"end":{"line":25,"column":null}},"15":{"start":{"line":26,"column":4},"end":{"line":27,"column":null}},"16":{"start":{"line":26,"column":17},"end":{"line":26,"column":20}},"17":{"start":{"line":27,"column":8},"end":{"line":27,"column":null}},"18":{"start":{"line":29,"column":4},"end":{"line":29,"column":null}},"19":{"start":{"line":30,"column":4},"end":{"line":30,"column":null}},"20":{"start":{"line":30,"column":38},"end":{"line":30,"column":null}},"21":{"start":{"line":32,"column":4},"end":{"line":32,"column":null}}},"fnMap":{"0":{"name":"formatCPF","decl":{"start":{"line":1,"column":16},"end":{"line":1,"column":26}},"loc":{"start":{"line":1,"column":33},"end":{"line":7,"column":null}},"line":1},"1":{"name":"isValidCpf","decl":{"start":{"line":10,"column":16},"end":{"line":10,"column":27}},"loc":{"start":{"line":10,"column":32},"end":{"line":32,"column":null}},"line":10}},"branchMap":{"0":{"loc":{"start":{"line":13,"column":4},"end":{"line":13,"column":null}},"type":"if","locations":[{"start":{"line":13,"column":4},"end":{"line":13,"column":null}},{"start":{},"end":{}}],"line":13},"1":{"loc":{"start":{"line":13,"column":8},"end":{"line":13,"column":50}},"type":"binary-expr","locations":[{"start":{"line":13,"column":8},"end":{"line":13,"column":29}},{"start":{"line":13,"column":29},"end":{"line":13,"column":50}}],"line":13},"2":{"loc":{"start":{"line":22,"column":4},"end":{"line":22,"column":null}},"type":"if","locations":[{"start":{"line":22,"column":4},"end":{"line":22,"column":null}},{"start":{},"end":{}}],"line":22},"3":{"loc":{"start":{"line":22,"column":8},"end":{"line":22,"column":38}},"type":"binary-expr","locations":[{"start":{"line":22,"column":8},"end":{"line":22,"column":24}},{"start":{"line":22,"column":24},"end":{"line":22,"column":38}}],"line":22},"4":{"loc":{"start":{"line":23,"column":4},"end":{"line":23,"column":null}},"type":"if","locations":[{"start":{"line":23,"column":4},"end":{"line":23,"column":null}},{"start":{},"end":{}}],"line":23},"5":{"loc":{"start":{"line":30,"column":4},"end":{"line":30,"column":null}},"type":"if","locations":[{"start":{"line":30,"column":4},"end":{"line":30,"column":null}},{"start":{},"end":{}}],"line":30},"6":{"loc":{"start":{"line":30,"column":8},"end":{"line":30,"column":38}},"type":"binary-expr","locations":[{"start":{"line":30,"column":8},"end":{"line":30,"column":24}},{"start":{"line":30,"column":24},"end":{"line":30,"column":38}}],"line":30}},"s":{"0":4,"1":4,"2":5,"3":5,"4":2,"5":3,"6":3,"7":3,"8":27,"9":3,"10":3,"11":0,"12":3,"13":0,"14":3,"15":3,"16":3,"17":3,"18":3,"19":3,"20":0,"21":3},"f":{"0":4,"1":5},"b":{"0":[2,3],"1":[5,4],"2":[0,3],"3":[3,3],"4":[0,3],"5":[0,3],"6":[3,3]},"meta":{"lastBranch":7,"lastFunction":2,"lastStatement":22,"seen":{"f:1:16:1:26":0,"s:2:20:2:57":0,"s:4:4:7:Infinity":1,"f:10:16:10:27":1,"s:11:4:11:Infinity":2,"b:13:4:13:Infinity:undefined:undefined:undefined:undefined":0,"s:13:4:13:Infinity":3,"b:13:8:13:29:13:29:13:50":1,"s:13:52:13:Infinity":4,"s:15:15:15:Infinity":5,"s:18:4:19:Infinity":6,"s:18:17:18:20":7,"s:19:8:19:Infinity":8,"s:21:4:21:Infinity":9,"b:22:4:22:Infinity:undefined:undefined:undefined:undefined":2,"s:22:4:22:Infinity":10,"b:22:8:22:24:22:24:22:38":3,"s:22:38:22:Infinity":11,"b:23:4:23:Infinity:undefined:undefined:undefined:undefined":4,"s:23:4:23:Infinity":12,"s:23:50:23:Infinity":13,"s:25:4:25:Infinity":14,"s:26:4:27:Infinity":15,"s:26:17:26:20":16,"s:27:8:27:Infinity":17,"s:29:4:29:Infinity":18,"b:30:4:30:Infinity:undefined:undefined:undefined:undefined":5,"s:30:4:30:Infinity":19,"b:30:8:30:24:30:24:30:38":6,"s:30:38:30:Infinity":20,"s:32:4:32:Infinity":21},"fnNames":{}}}
,"H:\\Desktop\\abc\\vitta-sync\\utils\\formatters\\formatDate.js": {"path":"H:\\Desktop\\abc\\vitta-sync\\utils\\formatters\\formatDate.js","statementMap":{"0":{"start":{"line":2,"column":4},"end":{"line":10,"column":null}},"1":{"start":{"line":21,"column":4},"end":{"line":22,"column":null}},"2":{"start":{"line":22,"column":8},"end":{"line":22,"column":null}},"3":{"start":{"line":26,"column":8},"end":{"line":26,"column":28}},"4":{"start":{"line":28,"column":4},"end":{"line":28,"column":null}}},"fnMap":{"0":{"name":"daysMap","decl":{"start":{"line":1,"column":16},"end":{"line":1,"column":26}},"loc":{"start":{"line":1,"column":26},"end":{"line":10,"column":null}},"line":1},"1":{"name":"formatDate","decl":{"start":{"line":19,"column":16},"end":{"line":19,"column":27}},"loc":{"start":{"line":19,"column":39},"end":{"line":28,"column":null}},"line":19}},"branchMap":{"0":{"loc":{"start":{"line":21,"column":4},"end":{"line":22,"column":null}},"type":"if","locations":[{"start":{"line":21,"column":4},"end":{"line":22,"column":null}},{"start":{},"end":{}}],"line":21}},"s":{"0":1,"1":8,"2":3,"3":5,"4":5},"f":{"0":1,"1":8},"b":{"0":[3,5]},"meta":{"lastBranch":1,"lastFunction":2,"lastStatement":5,"seen":{"f:1:16:1:26":0,"s:2:4:10:Infinity":0,"f:19:16:19:27":1,"b:21:4:22:Infinity:undefined:undefined:undefined:undefined":0,"s:21:4:22:Infinity":1,"s:22:8:22:Infinity":2,"s:26:8:26:28":3,"s:28:4:28:Infinity":4},"fnNames":{}}}
,"H:\\Desktop\\abc\\vitta-sync\\utils\\formatters\\formatEmail.js": {"path":"H:\\Desktop\\abc\\vitta-sync\\utils\\formatters\\formatEmail.js","statementMap":{"0":{"start":{"line":2,"column":4},"end":{"line":2,"column":null}}},"fnMap":{"0":{"name":"isValidEmail","decl":{"start":{"line":1,"column":16},"end":{"line":1,"column":29}},"loc":{"start":{"line":1,"column":36},"end":{"line":2,"column":null}},"line":1}},"branchMap":{},"s":{"0":5},"f":{"0":5},"b":{},"meta":{"lastBranch":0,"lastFunction":1,"lastStatement":1,"seen":{"f:1:16:1:29":0,"s:2:4:2:Infinity":0},"fnNames":{}}}
,"H:\\Desktop\\abc\\vitta-sync\\utils\\formatters\\formatPhone.js": {"path":"H:\\Desktop\\abc\\vitta-sync\\utils\\formatters\\formatPhone.js","statementMap":{"0":{"start":{"line":2,"column":20},"end":{"line":2,"column":44}},"1":{"start":{"line":4,"column":4},"end":{"line":7,"column":null}},"2":{"start":{"line":5,"column":8},"end":{"line":7,"column":null}},"3":{"start":{"line":10,"column":4},"end":{"line":12,"column":null}},"4":{"start":{"line":16,"column":4},"end":{"line":16,"column":null}}},"fnMap":{"0":{"name":"formatPhone","decl":{"start":{"line":1,"column":16},"end":{"line":1,"column":28}},"loc":{"start":{"line":1,"column":35},"end":{"line":12,"column":null}},"line":1},"1":{"name":"isValidPhone","decl":{"start":{"line":15,"column":16},"end":{"line":15,"column":29}},"loc":{"start":{"line":15,"column":36},"end":{"line":16,"column":null}},"line":15}},"branchMap":{"0":{"loc":{"start":{"line":4,"column":4},"end":{"line":7,"column":null}},"type":"if","locations":[{"start":{"line":4,"column":4},"end":{"line":7,"column":null}},{"start":{},"end":{}}],"line":4}},"s":{"0":4,"1":4,"2":2,"3":2,"4":4},"f":{"0":4,"1":4},"b":{"0":[2,2]},"meta":{"lastBranch":1,"lastFunction":2,"lastStatement":5,"seen":{"f:1:16:1:28":0,"s:2:20:2:44":0,"b:4:4:7:Infinity:undefined:undefined:undefined:undefined":0,"s:4:4:7:Infinity":1,"s:5:8:7:Infinity":2,"s:10:4:12:Infinity":3,"f:15:16:15:29":1,"s:16:4:16:Infinity":4},"fnNames":{}}}
,"H:\\Desktop\\abc\\vitta-sync\\utils\\validators\\dateValidator.js": {"path":"H:\\Desktop\\abc\\vitta-sync\\utils\\validators\\dateValidator.js","statementMap":{"0":{"start":{"line":4,"column":4},"end":{"line":5,"column":null}},"1":{"start":{"line":5,"column":8},"end":{"line":5,"column":null}},"2":{"start":{"line":7,"column":4},"end":{"line":7,"column":null}},"3":{"start":{"line":11,"column":4},"end":{"line":11,"column":null}}},"fnMap":{"0":{"name":"getDateLimit","decl":{"start":{"line":3,"column":16},"end":{"line":3,"column":29}},"loc":{"start":{"line":3,"column":39},"end":{"line":7,"column":null}},"line":3},"1":{"name":"isUnder18","decl":{"start":{"line":10,"column":16},"end":{"line":10,"column":26}},"loc":{"start":{"line":10,"column":32},"end":{"line":11,"column":null}},"line":10}},"branchMap":{"0":{"loc":{"start":{"line":4,"column":4},"end":{"line":5,"column":null}},"type":"if","locations":[{"start":{"line":4,"column":4},"end":{"line":5,"column":null}},{"start":{},"end":{}}],"line":4},"1":{"loc":{"start":{"line":4,"column":8},"end":{"line":4,"column":60}},"type":"binary-expr","locations":[{"start":{"line":4,"column":8},"end":{"line":4,"column":38}},{"start":{"line":4,"column":38},"end":{"line":4,"column":60}}],"line":4}},"s":{"0":3,"1":2,"2":1,"3":2},"f":{"0":3,"1":2},"b":{"0":[2,1],"1":[3,2]},"meta":{"lastBranch":2,"lastFunction":2,"lastStatement":4,"seen":{"f:3:16:3:29":0,"b:4:4:5:Infinity:undefined:undefined:undefined:undefined":0,"s:4:4:5:Infinity":0,"b:4:8:4:38:4:38:4:60":1,"s:5:8:5:Infinity":1,"s:7:4:7:Infinity":2,"f:10:16:10:26":1,"s:11:4:11:Infinity":3},"fnNames":{}}}
,"H:\\Desktop\\abc\\vitta-sync\\utils\\validators\\passwordValidator.js": {"path":"H:\\Desktop\\abc\\vitta-sync\\utils\\validators\\passwordValidator.js","statementMap":{"0":{"start":{"line":1,"column":13},"end":{"line":1,"column":null}},"1":{"start":{"line":1,"column":42},"end":{"line":1,"column":null}},"2":{"start":{"line":2,"column":13},"end":{"line":2,"column":64}},"3":{"start":{"line":2,"column":42},"end":{"line":2,"column":64}},"4":{"start":{"line":3,"column":13},"end":{"line":3,"column":64}},"5":{"start":{"line":3,"column":42},"end":{"line":3,"column":64}},"6":{"start":{"line":4,"column":13},"end":{"line":4,"column":58}},"7":{"start":{"line":4,"column":39},"end":{"line":4,"column":58}},"8":{"start":{"line":5,"column":13},"end":{"line":5,"column":72}},"9":{"start":{"line":5,"column":44},"end":{"line":5,"column":72}},"10":{"start":{"line":8,"column":19},"end":{"line":14,"column":null}},"11":{"start":{"line":16,"column":4},"end":{"line":19,"column":null}}},"fnMap":{"0":{"name":"(anonymous_0)","decl":{"start":{"line":1,"column":13},"end":{"line":1,"column":29}},"loc":{"start":{"line":1,"column":42},"end":{"line":1,"column":null}},"line":1},"1":{"name":"(anonymous_1)","decl":{"start":{"line":2,"column":13},"end":{"line":2,"column":29}},"loc":{"start":{"line":2,"column":42},"end":{"line":2,"column":64}},"line":2},"2":{"name":"(anonymous_2)","decl":{"start":{"line":3,"column":13},"end":{"line":3,"column":29}},"loc":{"start":{"line":3,"column":42},"end":{"line":3,"column":64}},"line":3},"3":{"name":"(anonymous_3)","decl":{"start":{"line":4,"column":13},"end":{"line":4,"column":26}},"loc":{"start":{"line":4,"column":39},"end":{"line":4,"column":58}},"line":4},"4":{"name":"(anonymous_4)","decl":{"start":{"line":5,"column":13},"end":{"line":5,"column":31}},"loc":{"start":{"line":5,"column":44},"end":{"line":5,"column":72}},"line":5},"5":{"name":"validatePassword","decl":{"start":{"line":7,"column":16},"end":{"line":7,"column":33}},"loc":{"start":{"line":7,"column":43},"end":{"line":19,"column":null}},"line":7}},"branchMap":{},"s":{"0":1,"1":4,"2":1,"3":4,"4":1,"5":4,"6":1,"7":4,"8":1,"9":4,"10":2,"11":2},"f":{"0":4,"1":4,"2":4,"3":4,"4":4,"5":2},"b":{},"meta":{"lastBranch":0,"lastFunction":6,"lastStatement":12,"seen":{"s:1:13:1:Infinity":0,"f:1:13:1:29":0,"s:1:42:1:Infinity":1,"s:2:13:2:64":2,"f:2:13:2:29":1,"s:2:42:2:64":3,"s:3:13:3:64":4,"f:3:13:3:29":2,"s:3:42:3:64":5,"s:4:13:4:58":6,"f:4:13:4:26":3,"s:4:39:4:58":7,"s:5:13:5:72":8,"f:5:13:5:31":4,"s:5:44:5:72":9,"f:7:16:7:33":5,"s:8:19:14:Infinity":10,"s:16:4:19:Infinity":11},"fnNames":{}}}
,"H:\\Desktop\\abc\\vitta-sync\\utils\\validators\\userFunction.js": {"path":"H:\\Desktop\\abc\\vitta-sync\\utils\\validators\\userFunction.js","statementMap":{"0":{"start":{"line":1,"column":29},"end":{"line":27,"column":null}},"1":{"start":{"line":29,"column":28},"end":{"line":55,"column":null}},"2":{"start":{"line":59,"column":4},"end":{"line":60,"column":null}},"3":{"start":{"line":60,"column":8},"end":{"line":60,"column":null}},"4":{"start":{"line":63,"column":25},"end":{"line":65,"column":null}},"5":{"start":{"line":69,"column":8},"end":{"line":70,"column":null}},"6":{"start":{"line":70,"column":20},"end":{"line":70,"column":null}},"7":{"start":{"line":73,"column":4},"end":{"line":73,"column":null}},"8":{"start":{"line":78,"column":4},"end":{"line":120,"column":null}},"9":{"start":{"line":81,"column":12},"end":{"line":85,"column":null}},"10":{"start":{"line":88,"column":12},"end":{"line":92,"column":null}},"11":{"start":{"line":95,"column":12},"end":{"line":99,"column":null}},"12":{"start":{"line":102,"column":12},"end":{"line":106,"column":null}},"13":{"start":{"line":109,"column":12},"end":{"line":113,"column":null}},"14":{"start":{"line":116,"column":12},"end":{"line":120,"column":null}},"15":{"start":{"line":126,"column":4},"end":{"line":168,"column":null}},"16":{"start":{"line":129,"column":12},"end":{"line":133,"column":null}},"17":{"start":{"line":136,"column":12},"end":{"line":140,"column":null}},"18":{"start":{"line":143,"column":12},"end":{"line":147,"column":null}},"19":{"start":{"line":150,"column":12},"end":{"line":154,"column":null}},"20":{"start":{"line":157,"column":12},"end":{"line":161,"column":null}},"21":{"start":{"line":164,"column":12},"end":{"line":168,"column":null}}},"fnMap":{"0":{"name":"getNomeFuncao","decl":{"start":{"line":57,"column":16},"end":{"line":57,"column":30}},"loc":{"start":{"line":57,"column":38},"end":{"line":73,"column":null}},"line":57},"1":{"name":"(anonymous_1)","decl":{"start":{"line":69,"column":21},"end":{"line":69,"column":null}},"loc":{"start":{"line":70,"column":20},"end":{"line":70,"column":null}},"line":70},"2":{"name":"getResponsavelStyle","decl":{"start":{"line":76,"column":16},"end":{"line":76,"column":36}},"loc":{"start":{"line":76,"column":44},"end":{"line":120,"column":null}},"line":76},"3":{"name":"getMedicoStyle","decl":{"start":{"line":124,"column":16},"end":{"line":124,"column":31}},"loc":{"start":{"line":124,"column":39},"end":{"line":168,"column":null}},"line":124}},"branchMap":{"0":{"loc":{"start":{"line":59,"column":4},"end":{"line":60,"column":null}},"type":"if","locations":[{"start":{"line":59,"column":4},"end":{"line":60,"column":null}},{"start":{},"end":{}}],"line":59},"1":{"loc":{"start":{"line":73,"column":11},"end":{"line":73,"column":null}},"type":"binary-expr","locations":[{"start":{"line":73,"column":11},"end":{"line":73,"column":32}},{"start":{"line":73,"column":32},"end":{"line":73,"column":null}}],"line":73},"2":{"loc":{"start":{"line":78,"column":4},"end":{"line":120,"column":null}},"type":"switch","locations":[{"start":{"line":80,"column":8},"end":{"line":85,"column":null}},{"start":{"line":87,"column":8},"end":{"line":92,"column":null}},{"start":{"line":94,"column":8},"end":{"line":99,"column":null}},{"start":{"line":101,"column":8},"end":{"line":106,"column":null}},{"start":{"line":108,"column":8},"end":{"line":113,"column":null}},{"start":{"line":115,"column":8},"end":{"line":120,"column":null}}],"line":78},"3":{"loc":{"start":{"line":126,"column":4},"end":{"line":168,"column":null}},"type":"switch","locations":[{"start":{"line":128,"column":8},"end":{"line":133,"column":null}},{"start":{"line":135,"column":8},"end":{"line":140,"column":null}},{"start":{"line":142,"column":8},"end":{"line":147,"column":null}},{"start":{"line":149,"column":8},"end":{"line":154,"column":null}},{"start":{"line":156,"column":8},"end":{"line":161,"column":null}},{"start":{"line":163,"column":8},"end":{"line":168,"column":null}}],"line":126}},"s":{"0":1,"1":1,"2":4,"3":1,"4":3,"5":3,"6":19,"7":3,"8":6,"9":1,"10":1,"11":1,"12":1,"13":1,"14":1,"15":6,"16":1,"17":1,"18":1,"19":1,"20":1,"21":1},"f":{"0":4,"1":19,"2":6,"3":6},"b":{"0":[1,3],"1":[3,1],"2":[1,1,1,1,1,1],"3":[1,1,1,1,1,1]},"meta":{"lastBranch":4,"lastFunction":4,"lastStatement":22,"seen":{"s:1:29:27:Infinity":0,"s:29:28:55:Infinity":1,"f:57:16:57:30":0,"b:59:4:60:Infinity:undefined:undefined:undefined:undefined":0,"s:59:4:60:Infinity":2,"s:60:8:60:Infinity":3,"s:63:25:65:Infinity":4,"s:69:8:70:Infinity":5,"f:69:21:69:Infinity":1,"s:70:20:70:Infinity":6,"s:73:4:73:Infinity":7,"b:73:11:73:32:73:32:73:Infinity":1,"f:76:16:76:36":2,"b:80:8:85:Infinity:87:8:92:Infinity:94:8:99:Infinity:101:8:106:Infinity:108:8:113:Infinity:115:8:120:Infinity":2,"s:78:4:120:Infinity":8,"s:81:12:85:Infinity":9,"s:88:12:92:Infinity":10,"s:95:12:99:Infinity":11,"s:102:12:106:Infinity":12,"s:109:12:113:Infinity":13,"s:116:12:120:Infinity":14,"f:124:16:124:31":3,"b:128:8:133:Infinity:135:8:140:Infinity:142:8:147:Infinity:149:8:154:Infinity:156:8:161:Infinity:163:8:168:Infinity":3,"s:126:4:168:Infinity":15,"s:129:12:133:Infinity":16,"s:136:12:140:Infinity":17,"s:143:12:147:Infinity":18,"s:150:12:154:Infinity":19,"s:157:12:161:Infinity":20,"s:164:12:168:Infinity":21},"fnNames":{}}}
}
